<?xml version="1.0" encoding="UTF-8"?>
<!-- Generated by org.testng.reporters.JUnitReportReporter -->
<testsuite hostname="MT-PG02HEP4" failures="0" tests="2" name="SearchTest.searching" time="28.996" errors="0" timestamp="2021-10-27T12:49:37 IST" skipped="0">
  <testcase classname="SearchTest.searching" name="srtest" time="17.812"/>
  <system-out/>
  <testcase classname="SearchTest.searching" name="srtest" time="11.184"/>
  <system-out/>
</testsuite> <!-- SearchTest.searching -->
