<?xml version="1.0" encoding="UTF-8"?>
<!-- Generated by org.testng.reporters.JUnitReportReporter -->
<testsuite hostname="MT-PG02HEP4" failures="0" tests="2" name="presettest.settingtest" time="50.458" errors="0" timestamp="2021-10-27T12:49:37 IST" skipped="0">
  <testcase classname="presettest.settingtest" name="browseropening" time="24.547"/>
  <system-out/>
  <testcase classname="presettest.settingtest" name="browseropening" time="25.911"/>
  <system-out/>
</testsuite> <!-- presettest.settingtest -->
