<?xml version="1.0" encoding="UTF-8"?>
<!-- Generated by org.testng.reporters.JUnitReportReporter -->
<testsuite hostname="MT-PG02HEP4" failures="0" tests="2" name="SearchTest.searching" time="30.283" errors="0" timestamp="2021-10-25T21:18:53 IST" skipped="0">
  <testcase classname="SearchTest.searching" name="srtest" time="17.523"/>
  <system-out/>
  <testcase classname="SearchTest.searching" name="srtest" time="12.760"/>
  <system-out/>
</testsuite> <!-- SearchTest.searching -->
