<?xml version="1.0" encoding="UTF-8"?>
<!-- Generated by org.testng.reporters.JUnitReportReporter -->
<testsuite hostname="MT-PG02HEP4" failures="0" tests="2" name="presettest.settingtest" time="50.754" errors="0" timestamp="2021-10-26T00:29:19 IST" skipped="0">
  <testcase classname="presettest.settingtest" name="browseropening" time="25.431"/>
  <system-out/>
  <testcase classname="presettest.settingtest" name="browseropening" time="25.323"/>
  <system-out/>
</testsuite> <!-- presettest.settingtest -->
